INFO: Adding command minetweaker
INFO: Adding minetweaker command tooltips
INFO: Adding minetweaker command entities
INFO: Adding minetweaker command chiselGroups
INFO: Adding minetweaker command chiselVariations
INFO: Adding minetweaker command texpansion
INFO: Adding minetweaker command railcraft
INFO: Adding minetweaker command mfr
ERROR: Error parsing \scripts\Crafting.zs:90 -- ) expected
INFO: Adding minetweaker command tooltips
INFO: Adding minetweaker command entities
INFO: Adding minetweaker command chiselGroups
INFO: Adding minetweaker command chiselVariations
INFO: Adding minetweaker command texpansion
INFO: Adding minetweaker command railcraft
INFO: Removing minetweaker command railcraft
INFO: Removing minetweaker command texpansion
INFO: Removing minetweaker command chiselVariations
INFO: Removing minetweaker command chiselGroups
INFO: Removing minetweaker command entities
INFO: Removing minetweaker command tooltips
INFO: Removing minetweaker command mfr
INFO: Removing minetweaker command railcraft
INFO: Removing minetweaker command texpansion
INFO: Removing minetweaker command chiselVariations
INFO: Removing minetweaker command chiselGroups
INFO: Removing minetweaker command entities
INFO: Removing minetweaker command tooltips
INFO: Removing command minetweaker
INFO: Adding command minetweaker
INFO: Adding minetweaker command tooltips
INFO: Adding minetweaker command entities
INFO: Adding minetweaker command chiselGroups
INFO: Adding minetweaker command chiselVariations
INFO: Adding minetweaker command texpansion
INFO: Adding minetweaker command railcraft
INFO: Adding minetweaker command mfr
ERROR: Error parsing \scripts\Crafting.zs:90 -- ) expected
INFO: Adding minetweaker command tooltips
INFO: Adding minetweaker command entities
INFO: Adding minetweaker command chiselGroups
INFO: Adding minetweaker command chiselVariations
INFO: Adding minetweaker command texpansion
INFO: Adding minetweaker command railcraft
INFO: Removing minetweaker command railcraft
INFO: Removing minetweaker command texpansion
INFO: Removing minetweaker command chiselVariations
INFO: Removing minetweaker command chiselGroups
INFO: Removing minetweaker command entities
INFO: Removing minetweaker command tooltips
INFO: Removing minetweaker command mfr
INFO: Removing minetweaker command railcraft
INFO: Removing minetweaker command texpansion
INFO: Removing minetweaker command chiselVariations
INFO: Removing minetweaker command chiselGroups
INFO: Removing minetweaker command entities
INFO: Removing minetweaker command tooltips
INFO: Removing command minetweaker
INFO: Adding minetweaker command mfr
