[11:55:55] [main/INFO]: Setting user: karl1024
[11:55:58] [Client thread/INFO]: LWJGL Version: 2.9.1
[11:56:09] [Client thread/INFO]: Reloading ResourceManager: Default, FMLFileResourcePack:Forge Mod Loader, FMLFileResourcePack:Minecraft Forge, FMLFileResourcePack:Not Enough Items, FMLFileResourcePack:SanAndreasPs Manager Pack CORE edition, FMLFileResourcePack:HardLib, FMLFileResourcePack:Ore Flowers, FMLFileResourcePack:AppleCore, FMLFileResourcePack:BiblioCraft, FMLFileResourcePack:Big Reactors, FMLFileResourcePack:BuildCraft, FMLFileResourcePack:BuildCraft Energy, FMLFileResourcePack:BuildCraft Factory, FMLFileResourcePack:Carpenter's Blocks, FMLFileResourcePack:Chisel 2, FMLFileResourcePack:CTMLib, FMLFileResourcePack:Chisel Tones, FMLFileResourcePack:CoFH Core, FMLFileResourcePack:ComputerCraft, FMLFileResourcePack:Custom Ore Generation, FMLFileResourcePack:DrCyano's Lootable Bodies, FMLFileResourcePack:Dynamic Lights, FMLFileResourcePack:Dynamic Lights Burning Entity Module, FMLFileResourcePack:Dynamic Lights Creeper Module, FMLFileResourcePack:Dynamic Lights EntityItem Module, FMLFileResourcePack:Dynamic Lights Entity Light Module, FMLFileResourcePack:Dynamic Lights Mob Equipment Light Module, FMLFileResourcePack:Dynamic Lights Fiery Arrows Light Module, FMLFileResourcePack:Dynamic Lights Flood Light, FMLFileResourcePack:Dynamic Lights OtherPlayers Light Module, FMLFileResourcePack:Dynamic Lights Player Light Module, FMLFileResourcePack:EasyConfigButton, FMLFileResourcePack:Electrometrics, FMLFileResourcePack:EnviroMine, FMLFileResourcePack:Fast Leaf Decay, FMLFileResourcePack:Finder Compass, FMLFileResourcePack:FluxedFeederUnit, FMLFileResourcePack:Hardcore Darkness, FMLFileResourcePack:Hunger Overhaul, FMLFileResourcePack:Iguana Tweaks, FMLFileResourcePack:Immersive Engineering, FMLFileResourcePack:Infernal Mobs, FMLFileResourcePack:MineTweaker 3, FMLFileResourcePack:MineTweakerRecipeMaker, FMLFileResourcePack:Mod Tweaker 2, FMLFileResourcePack:Multi Mine, FMLFileResourcePack:NEI Integration, FMLFileResourcePack:No Coords, FMLFileResourcePack:OpenCCSensors, FMLFileResourcePack:Ore Prospector, FMLFileResourcePack:PaintEverything, FMLFileResourcePack:Pam's HarvestCraft, FMLFileResourcePack:Pam's Mob Drop Crops, FMLFileResourcePack:Pam's Weee! Flowers, FMLFileResourcePack:ProjectRed Core, FMLFileResourcePack:ProjectRed Compatibility, FMLFileResourcePack:ProjectRed Integration, FMLFileResourcePack:ProjectRed Transmission, FMLFileResourcePack:ProjectRed Illumination, FMLFileResourcePack:Quadrum, FMLFileResourcePack:Railcraft, FMLFileResourcePack:R.O.A.R. The Root of All Automation. Really., FMLFileResourcePack:Simply Jetpacks, FMLFileResourcePack:Special AI, FMLFileResourcePack:New Stefinus Guns, FMLFileResourcePack:Thermal Dynamics, FMLFileResourcePack:Thermal Expansion, FMLFileResourcePack:Thermal Foundation, FMLFileResourcePack:TNTUtils, FMLFileResourcePack:Waila, FMLFileResourcePack:Ztones, FMLFileResourcePack:Forge Microblocks, FMLFileResourcePack:Forge Multipart, FMLFileResourcePack:Minecraft Multipart Plugin, FMLFileResourcePack:MrTJPCore
[11:56:10] [Client thread/WARN]: ResourcePack: ignored non-lowercase namespace: HungerOverhaul in C:\Users\Karl R\AppData\Roaming\.minecraft\mods\HungerOverhaul-1.7.10-1.0.0.jar
[11:56:10] [Client thread/WARN]: ResourcePack: ignored non-lowercase namespace: HungerOverhaul in C:\Users\Karl R\AppData\Roaming\.minecraft\mods\HungerOverhaul-1.7.10-1.0.0.jar
[11:56:10] [Client thread/WARN]: ResourcePack: ignored non-lowercase namespace: HungerOverhaul in C:\Users\Karl R\AppData\Roaming\.minecraft\mods\HungerOverhaul-1.7.10-1.0.0.jar
[11:56:10] [Client thread/WARN]: ResourcePack: ignored non-lowercase namespace: HungerOverhaul in C:\Users\Karl R\AppData\Roaming\.minecraft\mods\HungerOverhaul-1.7.10-1.0.0.jar
[11:56:10] [Client thread/WARN]: ResourcePack: ignored non-lowercase namespace: HungerOverhaul in C:\Users\Karl R\AppData\Roaming\.minecraft\mods\HungerOverhaul-1.7.10-1.0.0.jar
[11:56:10] [Client thread/WARN]: ResourcePack: ignored non-lowercase namespace: HungerOverhaul in C:\Users\Karl R\AppData\Roaming\.minecraft\mods\HungerOverhaul-1.7.10-1.0.0.jar
[11:56:10] [Client thread/WARN]: ResourcePack: ignored non-lowercase namespace: HungerOverhaul in C:\Users\Karl R\AppData\Roaming\.minecraft\mods\HungerOverhaul-1.7.10-1.0.0.jar
[11:56:10] [Client thread/WARN]: ResourcePack: ignored non-lowercase namespace: HungerOverhaul in C:\Users\Karl R\AppData\Roaming\.minecraft\mods\HungerOverhaul-1.7.10-1.0.0.jar
[11:56:10] [Client thread/WARN]: ResourcePack: ignored non-lowercase namespace: HungerOverhaul in C:\Users\Karl R\AppData\Roaming\.minecraft\mods\HungerOverhaul-1.7.10-1.0.0.jar
[11:56:10] [Client thread/WARN]: ResourcePack: ignored non-lowercase namespace: IguanaTweaks in C:\Users\Karl R\AppData\Roaming\.minecraft\mods\IguanaTweaks-1.7.10-2B.jar
[11:56:10] [Client thread/WARN]: ResourcePack: ignored non-lowercase namespace: IguanaTweaks in C:\Users\Karl R\AppData\Roaming\.minecraft\mods\IguanaTweaks-1.7.10-2B.jar
[11:56:10] [Client thread/WARN]: ResourcePack: ignored non-lowercase namespace: IguanaTweaks in C:\Users\Karl R\AppData\Roaming\.minecraft\mods\IguanaTweaks-1.7.10-2B.jar
[11:56:10] [Client thread/WARN]: ResourcePack: ignored non-lowercase namespace: IguanaTweaks in C:\Users\Karl R\AppData\Roaming\.minecraft\mods\IguanaTweaks-1.7.10-2B.jar
[11:56:10] [Client thread/WARN]: ResourcePack: ignored non-lowercase namespace: IguanaTweaks in C:\Users\Karl R\AppData\Roaming\.minecraft\mods\IguanaTweaks-1.7.10-2B.jar
[11:56:10] [Client thread/WARN]: ResourcePack: ignored non-lowercase namespace: IguanaTweaks in C:\Users\Karl R\AppData\Roaming\.minecraft\mods\IguanaTweaks-1.7.10-2B.jar
[11:56:10] [Client thread/WARN]: ResourcePack: ignored non-lowercase namespace: IguanaTweaks in C:\Users\Karl R\AppData\Roaming\.minecraft\mods\IguanaTweaks-1.7.10-2B.jar
[11:56:23] [Sound Library Loader/INFO]: Sound engine started
[11:56:24] [Client thread/ERROR]: Using missing texture, unable to load painteverything:textures/blocks/OrangeWoodStairs.png, java.io.FileNotFoundException
[11:56:24] [Client thread/ERROR]: Using missing texture, unable to load painteverything:textures/blocks/LightBlueWoodStairs.png, java.io.FileNotFoundException
[11:56:24] [Client thread/ERROR]: Using missing texture, unable to load painteverything:textures/blocks/GreenSandStoneStairs.png, java.io.FileNotFoundException
[11:56:24] [Client thread/ERROR]: Using missing texture, unable to load painteverything:textures/blocks/GreenStoneStairs.png, java.io.FileNotFoundException
[11:56:24] [Client thread/ERROR]: Using missing texture, unable to load painteverything:textures/blocks/BrownStoneBrickStairs.png, java.io.FileNotFoundException
[11:56:24] [Client thread/ERROR]: Using missing texture, unable to load painteverything:textures/blocks/StoneStairs.png, java.io.FileNotFoundException
[11:56:24] [Client thread/ERROR]: Using missing texture, unable to load painteverything:textures/blocks/RedStoneBrickStairs.png, java.io.FileNotFoundException
[11:56:25] [Client thread/ERROR]: Using missing texture, unable to load painteverything:textures/blocks/PinkCobblestoneStairs.png, java.io.FileNotFoundException
[11:56:25] [Client thread/ERROR]: Using missing texture, unable to load painteverything:textures/blocks/WhiteSandStoneStairs.png, java.io.FileNotFoundException
[11:56:25] [Client thread/ERROR]: Using missing texture, unable to load painteverything:textures/blocks/BlackBrickStairs.png, java.io.FileNotFoundException
[11:56:25] [Client thread/ERROR]: Using missing texture, unable to load painteverything:textures/blocks/BlackCobblestoneStairs.png, java.io.FileNotFoundException
[11:56:25] [Client thread/ERROR]: Using missing texture, unable to load painteverything:textures/blocks/WhiteCobblestoneStairs.png, java.io.FileNotFoundException
[11:56:25] [Client thread/ERROR]: Using missing texture, unable to load painteverything:textures/blocks/WhiteStoneBrickStairs.png, java.io.FileNotFoundException
[11:56:25] [Client thread/ERROR]: Using missing texture, unable to load painteverything:textures/blocks/GrayStoneStairs.png, java.io.FileNotFoundException
[11:56:25] [Client thread/ERROR]: Using missing texture, unable to load painteverything:textures/blocks/PurpleStoneStairs.png, java.io.FileNotFoundException
[11:56:25] [Client thread/ERROR]: Using missing texture, unable to load painteverything:textures/blocks/PinkStoneStairs.png, java.io.FileNotFoundException
[11:56:25] [Client thread/ERROR]: Using missing texture, unable to load painteverything:textures/blocks/PurpleBrickStairs.png, java.io.FileNotFoundException
[11:56:25] [Client thread/ERROR]: Using missing texture, unable to load painteverything:textures/blocks/RedCobblestoneStairs.png, java.io.FileNotFoundException
[11:56:25] [Client thread/ERROR]: Using missing texture, unable to load painteverything:textures/blocks/LightGrayStoneBrickStairs.png, java.io.FileNotFoundException
[11:56:25] [Client thread/ERROR]: Using missing texture, unable to load painteverything:textures/blocks/OrangeStoneStairs.png, java.io.FileNotFoundException
[11:56:25] [Client thread/ERROR]: Using missing texture, unable to load painteverything:textures/blocks/OrangeBrickStairs.png, java.io.FileNotFoundException
[11:56:25] [Client thread/ERROR]: Using missing texture, unable to load painteverything:textures/blocks/PinkBrickStairs.png, java.io.FileNotFoundException
[11:56:25] [Client thread/ERROR]: Using missing texture, unable to load painteverything:textures/blocks/GreenBrickStairs.png, java.io.FileNotFoundException
[11:56:25] [Client thread/ERROR]: Using missing texture, unable to load painteverything:textures/blocks/LightBlueStoneBrickStairs.png, java.io.FileNotFoundException
[11:56:25] [Client thread/ERROR]: Using missing texture, unable to load painteverything:textures/blocks/LightBlueBrickStairs.png, java.io.FileNotFoundException
[11:56:25] [Client thread/ERROR]: Using missing texture, unable to load painteverything:textures/blocks/BlackWoodStairs.png, java.io.FileNotFoundException
[11:56:25] [Client thread/ERROR]: Using missing texture, unable to load painteverything:textures/blocks/CyanStoneBrickStairs.png, java.io.FileNotFoundException
[11:56:25] [Client thread/ERROR]: Using missing texture, unable to load painteverything:textures/blocks/OrangeCobblestoneStairs.png, java.io.FileNotFoundException
[11:56:25] [Client thread/ERROR]: Using missing texture, unable to load painteverything:textures/blocks/GreenCobblestoneStairs.png, java.io.FileNotFoundException
[11:56:25] [Client thread/ERROR]: Using missing texture, unable to load painteverything:textures/blocks/BlackSandStoneStairs.png, java.io.FileNotFoundException
[11:56:25] [Client thread/ERROR]: Using missing texture, unable to load painteverything:textures/blocks/PurpleSandStoneStairs.png, java.io.FileNotFoundException
[11:56:25] [Client thread/ERROR]: Using missing texture, unable to load painteverything:textures/blocks/WhiteWoodStairs.png, java.io.FileNotFoundException
[11:56:25] [Client thread/ERROR]: Using missing texture, unable to load painteverything:textures/blocks/LimeCobblestoneStairs.png, java.io.FileNotFoundException
[11:56:25] [Client thread/ERROR]: Using missing texture, unable to load painteverything:textures/blocks/LightBlueSandStoneStairs.png, java.io.FileNotFoundException
[11:56:25] [Client thread/ERROR]: Using missing texture, unable to load painteverything:textures/blocks/LightBlueStoneStairs.png, java.io.FileNotFoundException
[11:56:25] [Client thread/ERROR]: Using missing texture, unable to load painteverything:textures/blocks/LimeStoneBrickStairs.png, java.io.FileNotFoundException
[11:56:25] [Client thread/ERROR]: Using missing texture, unable to load painteverything:textures/blocks/OrangeStoneBrickStairs.png, java.io.FileNotFoundException
[11:56:25] [Client thread/ERROR]: Using missing texture, unable to load painteverything:textures/blocks/RedWoodStairs.png, java.io.FileNotFoundException
[11:56:25] [Client thread/ERROR]: Using missing texture, unable to load painteverything:textures/blocks/BlueStoneBrickStairs.png, java.io.FileNotFoundException
[11:56:25] [Client thread/ERROR]: Using missing texture, unable to load painteverything:textures/blocks/RedBrickStairs.png, java.io.FileNotFoundException
[11:56:25] [Client thread/ERROR]: Using missing texture, unable to load painteverything:textures/blocks/CyanStoneStairs.png, java.io.FileNotFoundException
[11:56:25] [Client thread/ERROR]: Using missing texture, unable to load painteverything:textures/blocks/YellowStoneStairs.png, java.io.FileNotFoundException
[11:56:25] [Client thread/ERROR]: Using missing texture, unable to load painteverything:textures/blocks/BlueCobblestoneStairs.png, java.io.FileNotFoundException
[11:56:25] [Client thread/ERROR]: Using missing texture, unable to load painteverything:textures/blocks/CyanBrickStairs.png, java.io.FileNotFoundException
[11:56:25] [Client thread/ERROR]: Using missing texture, unable to load painteverything:textures/blocks/PinkWoodStairs.png, java.io.FileNotFoundException
[11:56:25] [Client thread/ERROR]: Using missing texture, unable to load painteverything:textures/blocks/YellowCobblestoneStairs.png, java.io.FileNotFoundException
[11:56:26] [Client thread/ERROR]: Using missing texture, unable to load painteverything:textures/blocks/PinkSandStoneStairs.png, java.io.FileNotFoundException
[11:56:26] [Client thread/ERROR]: Using missing texture, unable to load painteverything:textures/blocks/BrownWoodStairs.png, java.io.FileNotFoundException
[11:56:26] [Client thread/ERROR]: Using missing texture, unable to load painteverything:textures/blocks/LightGraySandStoneStairs.png, java.io.FileNotFoundException
[11:56:26] [Client thread/ERROR]: Using missing texture, unable to load painteverything:textures/blocks/CyanSandStoneStairs.png, java.io.FileNotFoundException
[11:56:26] [Client thread/ERROR]: Using missing texture, unable to load painteverything:textures/blocks/RedStoneStairs.png, java.io.FileNotFoundException
[11:56:26] [Client thread/ERROR]: Using missing texture, unable to load painteverything:textures/blocks/BrownCobblestoneStairs.png, java.io.FileNotFoundException
[11:56:26] [Client thread/ERROR]: Using missing texture, unable to load painteverything:textures/blocks/BrownStoneStairs.png, java.io.FileNotFoundException
[11:56:26] [Client thread/ERROR]: Using missing texture, unable to load painteverything:textures/blocks/PurpleStoneBrickStairs.png, java.io.FileNotFoundException
[11:56:26] [Client thread/ERROR]: Using missing texture, unable to load painteverything:textures/blocks/GreenStoneBrickStairs.png, java.io.FileNotFoundException
[11:56:26] [Client thread/ERROR]: Using missing texture, unable to load painteverything:textures/blocks/LightGrayBrickStairs.png, java.io.FileNotFoundException
[11:56:26] [Client thread/ERROR]: Using missing texture, unable to load painteverything:textures/blocks/GrayWoodStairs.png, java.io.FileNotFoundException
[11:56:26] [Client thread/ERROR]: Using missing texture, unable to load painteverything:textures/blocks/PinkStoneBrickStairs.png, java.io.FileNotFoundException
[11:56:26] [Client thread/ERROR]: Using missing texture, unable to load painteverything:textures/blocks/GrayCobblestoneStairs.png, java.io.FileNotFoundException
[11:56:26] [Client thread/ERROR]: Using missing texture, unable to load painteverything:textures/blocks/OrangeSandStoneStairs.png, java.io.FileNotFoundException
[11:56:26] [Client thread/ERROR]: Using missing texture, unable to load painteverything:textures/blocks/LimeSandStoneStairs.png, java.io.FileNotFoundException
[11:56:26] [Client thread/ERROR]: Using missing texture, unable to load painteverything:textures/blocks/LimeBrickStairs.png, java.io.FileNotFoundException
[11:56:26] [Client thread/ERROR]: Using missing texture, unable to load painteverything:textures/blocks/RedSandStoneStairs.png, java.io.FileNotFoundException
[11:56:26] [Client thread/ERROR]: Using missing texture, unable to load painteverything:textures/blocks/YellowSandStoneStairs.png, java.io.FileNotFoundException
[11:56:26] [Client thread/ERROR]: Using missing texture, unable to load painteverything:textures/blocks/BlueStoneStairs.png, java.io.FileNotFoundException
[11:56:26] [Client thread/ERROR]: Using missing texture, unable to load painteverything:textures/blocks/BlueSandStoneStairs.png, java.io.FileNotFoundException
[11:56:26] [Client thread/ERROR]: Using missing texture, unable to load painteverything:textures/blocks/YellowBrickStairs.png, java.io.FileNotFoundException
[11:56:26] [Client thread/ERROR]: Using missing texture, unable to load painteverything:textures/blocks/LimeWoodStairs.png, java.io.FileNotFoundException
[11:56:26] [Client thread/ERROR]: Using missing texture, unable to load painteverything:textures/blocks/BrownSandStoneStairs.png, java.io.FileNotFoundException
[11:56:26] [Client thread/ERROR]: Using missing texture, unable to load painteverything:textures/blocks/BrownBrickStairs.png, java.io.FileNotFoundException
[11:56:26] [Client thread/ERROR]: Using missing texture, unable to load painteverything:textures/blocks/YellowWoodStairs.png, java.io.FileNotFoundException
[11:56:26] [Client thread/ERROR]: Using missing texture, unable to load painteverything:textures/blocks/PurpleWoodStairs.png, java.io.FileNotFoundException
[11:56:26] [Client thread/ERROR]: Using missing texture, unable to load painteverything:textures/blocks/LightGrayCobblestoneStairs.png, java.io.FileNotFoundException
[11:56:26] [Client thread/ERROR]: Using missing texture, unable to load painteverything:textures/blocks/GraySandStoneStairs.png, java.io.FileNotFoundException
[11:56:26] [Client thread/ERROR]: Using missing texture, unable to load painteverything:textures/blocks/CyanWoodStairs.png, java.io.FileNotFoundException
[11:56:26] [Client thread/ERROR]: Using missing texture, unable to load painteverything:textures/blocks/BlackStoneStairs.png, java.io.FileNotFoundException
[11:56:26] [Client thread/ERROR]: Using missing texture, unable to load painteverything:textures/blocks/GreenWoodStairs.png, java.io.FileNotFoundException
[11:56:26] [Client thread/ERROR]: Using missing texture, unable to load painteverything:textures/blocks/LightBlueCobblestoneStairs.png, java.io.FileNotFoundException
[11:56:26] [Client thread/ERROR]: Using missing texture, unable to load painteverything:textures/blocks/LightGrayStoneStairs.png, java.io.FileNotFoundException
[11:56:26] [Client thread/ERROR]: Using missing texture, unable to load painteverything:textures/blocks/GrayBrickStairs.png, java.io.FileNotFoundException
[11:56:26] [Client thread/ERROR]: Using missing texture, unable to load painteverything:textures/blocks/LimeStoneStairs.png, java.io.FileNotFoundException
[11:56:26] [Client thread/ERROR]: Using missing texture, unable to load painteverything:textures/blocks/GrayStoneBrickStairs.png, java.io.FileNotFoundException
[11:56:26] [Client thread/ERROR]: Using missing texture, unable to load painteverything:textures/blocks/BlueWoodStairs.png, java.io.FileNotFoundException
[11:56:26] [Client thread/ERROR]: Using missing texture, unable to load painteverything:textures/blocks/BlueBrickStairs.png, java.io.FileNotFoundException
[11:56:26] [Client thread/ERROR]: Using missing texture, unable to load painteverything:textures/blocks/WhiteBrickStairs.png, java.io.FileNotFoundException
[11:56:26] [Client thread/ERROR]: Using missing texture, unable to load painteverything:textures/blocks/BlackStoneBrickStairs.png, java.io.FileNotFoundException
[11:56:27] [Client thread/ERROR]: Using missing texture, unable to load painteverything:textures/blocks/YellowStoneBrickStairs.png, java.io.FileNotFoundException
[11:56:27] [Client thread/ERROR]: Using missing texture, unable to load painteverything:textures/blocks/PurpleCobblestoneStairs.png, java.io.FileNotFoundException
[11:56:27] [Client thread/ERROR]: Using missing texture, unable to load painteverything:textures/blocks/CyanCobblestoneStairs.png, java.io.FileNotFoundException
[11:56:27] [Client thread/ERROR]: Using missing texture, unable to load painteverything:textures/blocks/WhiteStoneStairs.png, java.io.FileNotFoundException
[11:56:27] [Client thread/ERROR]: Using missing texture, unable to load painteverything:textures/blocks/LightGrayWoodStairs.png, java.io.FileNotFoundException
[11:56:27] [Client thread/INFO]: textures/blocks: dropping miplevel from 4 to 3, because of minTexel: 8
[11:56:28] [Client thread/INFO]: Created: 2048x1024 textures/blocks-atlas
[11:56:31] [Client thread/INFO]: Created: 2048x1024 textures/items-atlas
[11:56:34] [Client thread/INFO]: Created: 16x16 textures/revolvers-atlas
[11:56:39] [Client thread/INFO]: Reloading ResourceManager: Default, FMLFileResourcePack:Forge Mod Loader, FMLFileResourcePack:Minecraft Forge, FMLFileResourcePack:Not Enough Items, FMLFileResourcePack:SanAndreasPs Manager Pack CORE edition, FMLFileResourcePack:HardLib, FMLFileResourcePack:Ore Flowers, FMLFileResourcePack:AppleCore, FMLFileResourcePack:BiblioCraft, FMLFileResourcePack:Big Reactors, FMLFileResourcePack:BuildCraft, FMLFileResourcePack:BuildCraft Energy, FMLFileResourcePack:BuildCraft Factory, FMLFileResourcePack:Carpenter's Blocks, FMLFileResourcePack:Chisel 2, FMLFileResourcePack:CTMLib, FMLFileResourcePack:Chisel Tones, FMLFileResourcePack:CoFH Core, FMLFileResourcePack:ComputerCraft, FMLFileResourcePack:Custom Ore Generation, FMLFileResourcePack:DrCyano's Lootable Bodies, FMLFileResourcePack:Dynamic Lights, FMLFileResourcePack:Dynamic Lights Burning Entity Module, FMLFileResourcePack:Dynamic Lights Creeper Module, FMLFileResourcePack:Dynamic Lights EntityItem Module, FMLFileResourcePack:Dynamic Lights Entity Light Module, FMLFileResourcePack:Dynamic Lights Mob Equipment Light Module, FMLFileResourcePack:Dynamic Lights Fiery Arrows Light Module, FMLFileResourcePack:Dynamic Lights Flood Light, FMLFileResourcePack:Dynamic Lights OtherPlayers Light Module, FMLFileResourcePack:Dynamic Lights Player Light Module, FMLFileResourcePack:EasyConfigButton, FMLFileResourcePack:Electrometrics, FMLFileResourcePack:EnviroMine, FMLFileResourcePack:Fast Leaf Decay, FMLFileResourcePack:Finder Compass, FMLFileResourcePack:FluxedFeederUnit, FMLFileResourcePack:Hardcore Darkness, FMLFileResourcePack:Hunger Overhaul, FMLFileResourcePack:Iguana Tweaks, FMLFileResourcePack:Immersive Engineering, FMLFileResourcePack:Infernal Mobs, FMLFileResourcePack:MineTweaker 3, FMLFileResourcePack:MineTweakerRecipeMaker, FMLFileResourcePack:Mod Tweaker 2, FMLFileResourcePack:Multi Mine, FMLFileResourcePack:NEI Integration, FMLFileResourcePack:No Coords, FMLFileResourcePack:OpenCCSensors, FMLFileResourcePack:Ore Prospector, FMLFileResourcePack:PaintEverything, FMLFileResourcePack:Pam's HarvestCraft, FMLFileResourcePack:Pam's Mob Drop Crops, FMLFileResourcePack:Pam's Weee! Flowers, FMLFileResourcePack:ProjectRed Core, FMLFileResourcePack:ProjectRed Compatibility, FMLFileResourcePack:ProjectRed Integration, FMLFileResourcePack:ProjectRed Transmission, FMLFileResourcePack:ProjectRed Illumination, FMLFileResourcePack:Quadrum, FMLFileResourcePack:Railcraft, FMLFileResourcePack:R.O.A.R. The Root of All Automation. Really., FMLFileResourcePack:Simply Jetpacks, FMLFileResourcePack:Special AI, FMLFileResourcePack:New Stefinus Guns, FMLFileResourcePack:Thermal Dynamics, FMLFileResourcePack:Thermal Expansion, FMLFileResourcePack:Thermal Foundation, FMLFileResourcePack:TNTUtils, FMLFileResourcePack:Waila, FMLFileResourcePack:Ztones, FMLFileResourcePack:Forge Microblocks, FMLFileResourcePack:Forge Multipart, FMLFileResourcePack:Minecraft Multipart Plugin, FMLFileResourcePack:MrTJPCore, FMLFileResourcePack:Carpenter's Blocks Cached Resources
[11:56:39] [Client thread/WARN]: ResourcePack: ignored non-lowercase namespace: HungerOverhaul in C:\Users\Karl R\AppData\Roaming\.minecraft\mods\HungerOverhaul-1.7.10-1.0.0.jar
[11:56:39] [Client thread/WARN]: ResourcePack: ignored non-lowercase namespace: HungerOverhaul in C:\Users\Karl R\AppData\Roaming\.minecraft\mods\HungerOverhaul-1.7.10-1.0.0.jar
[11:56:39] [Client thread/WARN]: ResourcePack: ignored non-lowercase namespace: HungerOverhaul in C:\Users\Karl R\AppData\Roaming\.minecraft\mods\HungerOverhaul-1.7.10-1.0.0.jar
[11:56:39] [Client thread/WARN]: ResourcePack: ignored non-lowercase namespace: HungerOverhaul in C:\Users\Karl R\AppData\Roaming\.minecraft\mods\HungerOverhaul-1.7.10-1.0.0.jar
[11:56:39] [Client thread/WARN]: ResourcePack: ignored non-lowercase namespace: HungerOverhaul in C:\Users\Karl R\AppData\Roaming\.minecraft\mods\HungerOverhaul-1.7.10-1.0.0.jar
[11:56:39] [Client thread/WARN]: ResourcePack: ignored non-lowercase namespace: HungerOverhaul in C:\Users\Karl R\AppData\Roaming\.minecraft\mods\HungerOverhaul-1.7.10-1.0.0.jar
[11:56:39] [Client thread/WARN]: ResourcePack: ignored non-lowercase namespace: HungerOverhaul in C:\Users\Karl R\AppData\Roaming\.minecraft\mods\HungerOverhaul-1.7.10-1.0.0.jar
[11:56:39] [Client thread/WARN]: ResourcePack: ignored non-lowercase namespace: HungerOverhaul in C:\Users\Karl R\AppData\Roaming\.minecraft\mods\HungerOverhaul-1.7.10-1.0.0.jar
[11:56:39] [Client thread/WARN]: ResourcePack: ignored non-lowercase namespace: HungerOverhaul in C:\Users\Karl R\AppData\Roaming\.minecraft\mods\HungerOverhaul-1.7.10-1.0.0.jar
[11:56:39] [Client thread/WARN]: ResourcePack: ignored non-lowercase namespace: IguanaTweaks in C:\Users\Karl R\AppData\Roaming\.minecraft\mods\IguanaTweaks-1.7.10-2B.jar
[11:56:39] [Client thread/WARN]: ResourcePack: ignored non-lowercase namespace: IguanaTweaks in C:\Users\Karl R\AppData\Roaming\.minecraft\mods\IguanaTweaks-1.7.10-2B.jar
[11:56:39] [Client thread/WARN]: ResourcePack: ignored non-lowercase namespace: IguanaTweaks in C:\Users\Karl R\AppData\Roaming\.minecraft\mods\IguanaTweaks-1.7.10-2B.jar
[11:56:39] [Client thread/WARN]: ResourcePack: ignored non-lowercase namespace: IguanaTweaks in C:\Users\Karl R\AppData\Roaming\.minecraft\mods\IguanaTweaks-1.7.10-2B.jar
[11:56:39] [Client thread/WARN]: ResourcePack: ignored non-lowercase namespace: IguanaTweaks in C:\Users\Karl R\AppData\Roaming\.minecraft\mods\IguanaTweaks-1.7.10-2B.jar
[11:56:39] [Client thread/WARN]: ResourcePack: ignored non-lowercase namespace: IguanaTweaks in C:\Users\Karl R\AppData\Roaming\.minecraft\mods\IguanaTweaks-1.7.10-2B.jar
[11:56:39] [Client thread/WARN]: ResourcePack: ignored non-lowercase namespace: IguanaTweaks in C:\Users\Karl R\AppData\Roaming\.minecraft\mods\IguanaTweaks-1.7.10-2B.jar
[11:56:41] [Client thread/ERROR]: Using missing texture, unable to load painteverything:textures/blocks/OrangeWoodStairs.png, java.io.FileNotFoundException
[11:56:41] [Client thread/ERROR]: Using missing texture, unable to load painteverything:textures/blocks/LightBlueWoodStairs.png, java.io.FileNotFoundException
[11:56:41] [Client thread/ERROR]: Using missing texture, unable to load painteverything:textures/blocks/GreenSandStoneStairs.png, java.io.FileNotFoundException
[11:56:41] [Client thread/ERROR]: Using missing texture, unable to load painteverything:textures/blocks/GreenStoneStairs.png, java.io.FileNotFoundException
[11:56:41] [Client thread/ERROR]: Using missing texture, unable to load painteverything:textures/blocks/BrownStoneBrickStairs.png, java.io.FileNotFoundException
[11:56:41] [Client thread/ERROR]: Using missing texture, unable to load painteverything:textures/blocks/StoneStairs.png, java.io.FileNotFoundException
[11:56:41] [Client thread/ERROR]: Using missing texture, unable to load painteverything:textures/blocks/RedStoneBrickStairs.png, java.io.FileNotFoundException
[11:56:41] [Client thread/ERROR]: Using missing texture, unable to load painteverything:textures/blocks/PinkCobblestoneStairs.png, java.io.FileNotFoundException
[11:56:41] [Client thread/ERROR]: Using missing texture, unable to load painteverything:textures/blocks/WhiteSandStoneStairs.png, java.io.FileNotFoundException
[11:56:41] [Client thread/ERROR]: Using missing texture, unable to load painteverything:textures/blocks/BlackBrickStairs.png, java.io.FileNotFoundException
[11:56:41] [Client thread/ERROR]: Using missing texture, unable to load painteverything:textures/blocks/BlackCobblestoneStairs.png, java.io.FileNotFoundException
[11:56:41] [Client thread/ERROR]: Using missing texture, unable to load painteverything:textures/blocks/WhiteCobblestoneStairs.png, java.io.FileNotFoundException
[11:56:41] [Client thread/ERROR]: Using missing texture, unable to load painteverything:textures/blocks/WhiteStoneBrickStairs.png, java.io.FileNotFoundException
[11:56:41] [Client thread/ERROR]: Using missing texture, unable to load painteverything:textures/blocks/GrayStoneStairs.png, java.io.FileNotFoundException
[11:56:41] [Client thread/ERROR]: Using missing texture, unable to load painteverything:textures/blocks/PurpleStoneStairs.png, java.io.FileNotFoundException
[11:56:41] [Client thread/ERROR]: Using missing texture, unable to load painteverything:textures/blocks/PinkStoneStairs.png, java.io.FileNotFoundException
[11:56:41] [Client thread/ERROR]: Using missing texture, unable to load painteverything:textures/blocks/PurpleBrickStairs.png, java.io.FileNotFoundException
[11:56:41] [Client thread/ERROR]: Using missing texture, unable to load painteverything:textures/blocks/RedCobblestoneStairs.png, java.io.FileNotFoundException
[11:56:41] [Client thread/ERROR]: Using missing texture, unable to load painteverything:textures/blocks/LightGrayStoneBrickStairs.png, java.io.FileNotFoundException
[11:56:41] [Client thread/ERROR]: Using missing texture, unable to load painteverything:textures/blocks/OrangeStoneStairs.png, java.io.FileNotFoundException
[11:56:41] [Client thread/ERROR]: Using missing texture, unable to load painteverything:textures/blocks/OrangeBrickStairs.png, java.io.FileNotFoundException
[11:56:41] [Client thread/ERROR]: Using missing texture, unable to load painteverything:textures/blocks/PinkBrickStairs.png, java.io.FileNotFoundException
[11:56:41] [Client thread/ERROR]: Using missing texture, unable to load painteverything:textures/blocks/GreenBrickStairs.png, java.io.FileNotFoundException
[11:56:41] [Client thread/ERROR]: Using missing texture, unable to load painteverything:textures/blocks/LightBlueStoneBrickStairs.png, java.io.FileNotFoundException
[11:56:41] [Client thread/ERROR]: Using missing texture, unable to load painteverything:textures/blocks/LightBlueBrickStairs.png, java.io.FileNotFoundException
[11:56:41] [Client thread/ERROR]: Using missing texture, unable to load painteverything:textures/blocks/BlackWoodStairs.png, java.io.FileNotFoundException
[11:56:41] [Client thread/ERROR]: Using missing texture, unable to load painteverything:textures/blocks/CyanStoneBrickStairs.png, java.io.FileNotFoundException
[11:56:41] [Client thread/ERROR]: Using missing texture, unable to load painteverything:textures/blocks/OrangeCobblestoneStairs.png, java.io.FileNotFoundException
[11:56:41] [Client thread/ERROR]: Using missing texture, unable to load painteverything:textures/blocks/GreenCobblestoneStairs.png, java.io.FileNotFoundException
[11:56:41] [Client thread/ERROR]: Using missing texture, unable to load painteverything:textures/blocks/BlackSandStoneStairs.png, java.io.FileNotFoundException
[11:56:41] [Client thread/ERROR]: Using missing texture, unable to load painteverything:textures/blocks/PurpleSandStoneStairs.png, java.io.FileNotFoundException
[11:56:41] [Client thread/ERROR]: Using missing texture, unable to load painteverything:textures/blocks/WhiteWoodStairs.png, java.io.FileNotFoundException
[11:56:41] [Client thread/ERROR]: Using missing texture, unable to load painteverything:textures/blocks/LimeCobblestoneStairs.png, java.io.FileNotFoundException
[11:56:41] [Client thread/ERROR]: Using missing texture, unable to load painteverything:textures/blocks/LightBlueSandStoneStairs.png, java.io.FileNotFoundException
[11:56:41] [Client thread/ERROR]: Using missing texture, unable to load painteverything:textures/blocks/LightBlueStoneStairs.png, java.io.FileNotFoundException
[11:56:41] [Client thread/ERROR]: Using missing texture, unable to load painteverything:textures/blocks/LimeStoneBrickStairs.png, java.io.FileNotFoundException
[11:56:42] [Client thread/ERROR]: Using missing texture, unable to load painteverything:textures/blocks/OrangeStoneBrickStairs.png, java.io.FileNotFoundException
[11:56:42] [Client thread/ERROR]: Using missing texture, unable to load painteverything:textures/blocks/RedWoodStairs.png, java.io.FileNotFoundException
[11:56:42] [Client thread/ERROR]: Using missing texture, unable to load painteverything:textures/blocks/BlueStoneBrickStairs.png, java.io.FileNotFoundException
[11:56:42] [Client thread/ERROR]: Using missing texture, unable to load painteverything:textures/blocks/RedBrickStairs.png, java.io.FileNotFoundException
[11:56:42] [Client thread/ERROR]: Using missing texture, unable to load painteverything:textures/blocks/CyanStoneStairs.png, java.io.FileNotFoundException
[11:56:42] [Client thread/ERROR]: Using missing texture, unable to load painteverything:textures/blocks/YellowStoneStairs.png, java.io.FileNotFoundException
[11:56:42] [Client thread/ERROR]: Using missing texture, unable to load painteverything:textures/blocks/BlueCobblestoneStairs.png, java.io.FileNotFoundException
[11:56:42] [Client thread/ERROR]: Using missing texture, unable to load painteverything:textures/blocks/CyanBrickStairs.png, java.io.FileNotFoundException
[11:56:42] [Client thread/ERROR]: Using missing texture, unable to load painteverything:textures/blocks/PinkWoodStairs.png, java.io.FileNotFoundException
[11:56:42] [Client thread/ERROR]: Using missing texture, unable to load painteverything:textures/blocks/YellowCobblestoneStairs.png, java.io.FileNotFoundException
[11:56:42] [Client thread/ERROR]: Using missing texture, unable to load painteverything:textures/blocks/PinkSandStoneStairs.png, java.io.FileNotFoundException
[11:56:42] [Client thread/ERROR]: Using missing texture, unable to load painteverything:textures/blocks/BrownWoodStairs.png, java.io.FileNotFoundException
[11:56:42] [Client thread/ERROR]: Using missing texture, unable to load painteverything:textures/blocks/LightGraySandStoneStairs.png, java.io.FileNotFoundException
[11:56:42] [Client thread/ERROR]: Using missing texture, unable to load painteverything:textures/blocks/CyanSandStoneStairs.png, java.io.FileNotFoundException
[11:56:42] [Client thread/ERROR]: Using missing texture, unable to load painteverything:textures/blocks/RedStoneStairs.png, java.io.FileNotFoundException
[11:56:42] [Client thread/ERROR]: Using missing texture, unable to load painteverything:textures/blocks/BrownCobblestoneStairs.png, java.io.FileNotFoundException
[11:56:42] [Client thread/ERROR]: Using missing texture, unable to load painteverything:textures/blocks/BrownStoneStairs.png, java.io.FileNotFoundException
[11:56:42] [Client thread/ERROR]: Using missing texture, unable to load painteverything:textures/blocks/PurpleStoneBrickStairs.png, java.io.FileNotFoundException
[11:56:42] [Client thread/ERROR]: Using missing texture, unable to load painteverything:textures/blocks/GreenStoneBrickStairs.png, java.io.FileNotFoundException
[11:56:42] [Client thread/ERROR]: Using missing texture, unable to load painteverything:textures/blocks/LightGrayBrickStairs.png, java.io.FileNotFoundException
[11:56:42] [Client thread/ERROR]: Using missing texture, unable to load painteverything:textures/blocks/GrayWoodStairs.png, java.io.FileNotFoundException
[11:56:42] [Client thread/ERROR]: Using missing texture, unable to load painteverything:textures/blocks/PinkStoneBrickStairs.png, java.io.FileNotFoundException
[11:56:42] [Client thread/ERROR]: Using missing texture, unable to load painteverything:textures/blocks/GrayCobblestoneStairs.png, java.io.FileNotFoundException
[11:56:42] [Client thread/ERROR]: Using missing texture, unable to load painteverything:textures/blocks/OrangeSandStoneStairs.png, java.io.FileNotFoundException
[11:56:42] [Client thread/ERROR]: Using missing texture, unable to load painteverything:textures/blocks/LimeSandStoneStairs.png, java.io.FileNotFoundException
[11:56:42] [Client thread/ERROR]: Using missing texture, unable to load painteverything:textures/blocks/LimeBrickStairs.png, java.io.FileNotFoundException
[11:56:42] [Client thread/ERROR]: Using missing texture, unable to load painteverything:textures/blocks/RedSandStoneStairs.png, java.io.FileNotFoundException
[11:56:42] [Client thread/ERROR]: Using missing texture, unable to load painteverything:textures/blocks/YellowSandStoneStairs.png, java.io.FileNotFoundException
[11:56:42] [Client thread/ERROR]: Using missing texture, unable to load painteverything:textures/blocks/BlueStoneStairs.png, java.io.FileNotFoundException
[11:56:42] [Client thread/ERROR]: Using missing texture, unable to load painteverything:textures/blocks/BlueSandStoneStairs.png, java.io.FileNotFoundException
[11:56:42] [Client thread/ERROR]: Using missing texture, unable to load painteverything:textures/blocks/YellowBrickStairs.png, java.io.FileNotFoundException
[11:56:42] [Client thread/ERROR]: Using missing texture, unable to load painteverything:textures/blocks/LimeWoodStairs.png, java.io.FileNotFoundException
[11:56:42] [Client thread/ERROR]: Using missing texture, unable to load painteverything:textures/blocks/BrownSandStoneStairs.png, java.io.FileNotFoundException
[11:56:42] [Client thread/ERROR]: Using missing texture, unable to load painteverything:textures/blocks/BrownBrickStairs.png, java.io.FileNotFoundException
[11:56:42] [Client thread/ERROR]: Using missing texture, unable to load painteverything:textures/blocks/YellowWoodStairs.png, java.io.FileNotFoundException
[11:56:42] [Client thread/ERROR]: Using missing texture, unable to load painteverything:textures/blocks/PurpleWoodStairs.png, java.io.FileNotFoundException
[11:56:42] [Client thread/ERROR]: Using missing texture, unable to load painteverything:textures/blocks/LightGrayCobblestoneStairs.png, java.io.FileNotFoundException
[11:56:42] [Client thread/ERROR]: Using missing texture, unable to load painteverything:textures/blocks/GraySandStoneStairs.png, java.io.FileNotFoundException
[11:56:42] [Client thread/ERROR]: Using missing texture, unable to load painteverything:textures/blocks/CyanWoodStairs.png, java.io.FileNotFoundException
[11:56:42] [Client thread/ERROR]: Using missing texture, unable to load painteverything:textures/blocks/BlackStoneStairs.png, java.io.FileNotFoundException
[11:56:42] [Client thread/ERROR]: Using missing texture, unable to load painteverything:textures/blocks/GreenWoodStairs.png, java.io.FileNotFoundException
[11:56:42] [Client thread/ERROR]: Using missing texture, unable to load painteverything:textures/blocks/LightBlueCobblestoneStairs.png, java.io.FileNotFoundException
[11:56:42] [Client thread/ERROR]: Using missing texture, unable to load painteverything:textures/blocks/LightGrayStoneStairs.png, java.io.FileNotFoundException
[11:56:42] [Client thread/ERROR]: Using missing texture, unable to load painteverything:textures/blocks/GrayBrickStairs.png, java.io.FileNotFoundException
[11:56:42] [Client thread/ERROR]: Using missing texture, unable to load painteverything:textures/blocks/LimeStoneStairs.png, java.io.FileNotFoundException
[11:56:42] [Client thread/ERROR]: Using missing texture, unable to load painteverything:textures/blocks/GrayStoneBrickStairs.png, java.io.FileNotFoundException
[11:56:42] [Client thread/ERROR]: Using missing texture, unable to load painteverything:textures/blocks/BlueWoodStairs.png, java.io.FileNotFoundException
[11:56:42] [Client thread/ERROR]: Using missing texture, unable to load painteverything:textures/blocks/BlueBrickStairs.png, java.io.FileNotFoundException
[11:56:42] [Client thread/ERROR]: Using missing texture, unable to load painteverything:textures/blocks/WhiteBrickStairs.png, java.io.FileNotFoundException
[11:56:42] [Client thread/ERROR]: Using missing texture, unable to load painteverything:textures/blocks/BlackStoneBrickStairs.png, java.io.FileNotFoundException
[11:56:42] [Client thread/ERROR]: Using missing texture, unable to load painteverything:textures/blocks/YellowStoneBrickStairs.png, java.io.FileNotFoundException
[11:56:42] [Client thread/ERROR]: Using missing texture, unable to load painteverything:textures/blocks/PurpleCobblestoneStairs.png, java.io.FileNotFoundException
[11:56:42] [Client thread/ERROR]: Using missing texture, unable to load painteverything:textures/blocks/CyanCobblestoneStairs.png, java.io.FileNotFoundException
[11:56:42] [Client thread/ERROR]: Using missing texture, unable to load painteverything:textures/blocks/WhiteStoneStairs.png, java.io.FileNotFoundException
[11:56:42] [Client thread/ERROR]: Using missing texture, unable to load painteverything:textures/blocks/LightGrayWoodStairs.png, java.io.FileNotFoundException
[11:56:44] [Client thread/INFO]: Created: 2048x2048 textures/blocks-atlas
[11:56:46] [Client thread/INFO]: Created: 2048x1024 textures/items-atlas
[11:56:46] [Client thread/ERROR]: Using missing texture, unable to load immersiveengineering:textures/revolvers/revolver_sns.png, java.io.FileNotFoundException
[11:56:46] [Client thread/ERROR]: Using missing texture, unable to load immersiveengineering:textures/revolvers/revolver_rommie.png, java.io.FileNotFoundException
[11:56:46] [Client thread/INFO]: Created: 512x512 textures/revolvers-atlas
[11:56:47] [Sound Library Loader/INFO]: Sound engine started
[13:08:19] [Server thread/INFO]: Starting integrated minecraft server version 1.7.10
[13:08:19] [Server thread/INFO]: Generating keypair
[13:08:25] [Server thread/INFO]: Preparing start region for level 0
[13:08:26] [Server thread/INFO]: karl1024[local:E:5d1f25c7] logged in with entity id 277 at (-71.5595517942421, 77.0, 130.3533624831833)
[13:08:26] [Server thread/INFO]: karl1024 joined the game
[13:08:27] [Client thread/INFO]: [CHAT] Thank you for half a million downloads! - The Chisel Team
[13:08:27] [Client thread/INFO]: [CHAT] Finder Compass server config loaded; 14 custom Setting-Sets loaded
[13:08:27] [Client thread/INFO]: [CHAT] ERROR: Error parsing \scripts\Crafting.zs:90 -- ) expected
[13:08:28] [Server thread/INFO]: [CHAT] ProjectRed 4.7.0pre9 available.
[13:08:28] [Server thread/WARN]: Can't keep up! Did the system time change, or is the server overloaded? Running 2019ms behind, skipping 40 tick(s)
[13:08:30] [Client thread/INFO]: [CHAT] §eEnviroMine 1.3.121 is up to date
[13:08:38] [Server thread/INFO]: Saving and pausing game...
[13:08:38] [Server thread/INFO]: Saving chunks for level 'New World'/Overworld
[13:08:38] [Server thread/INFO]: Saving chunks for level 'New World'/Nether
[13:08:38] [Server thread/INFO]: Saving chunks for level 'New World'/The End
[13:08:38] [Server thread/INFO]: Saving chunks for level 'New World'/Caves
[13:08:42] [Server thread/INFO]: Saving and pausing game...
[13:08:42] [Server thread/INFO]: Saving chunks for level 'New World'/Overworld
[13:08:42] [Server thread/INFO]: Saving chunks for level 'New World'/Nether
[13:08:42] [Server thread/INFO]: Saving chunks for level 'New World'/The End
[13:08:42] [Server thread/INFO]: Saving chunks for level 'New World'/Caves
[13:08:43] [Server thread/INFO]: Stopping server
[13:08:43] [Server thread/INFO]: Saving players
[13:08:43] [Server thread/INFO]: Saving worlds
[13:08:43] [Server thread/INFO]: Saving chunks for level 'New World'/Overworld
[13:08:43] [Server thread/INFO]: Saving chunks for level 'New World'/Nether
[13:08:43] [Server thread/INFO]: Saving chunks for level 'New World'/The End
[13:08:43] [Server thread/INFO]: Saving chunks for level 'New World'/Caves
[13:08:48] [Server thread/INFO]: Starting integrated minecraft server version 1.7.10
[13:08:48] [Server thread/INFO]: Generating keypair
[13:08:48] [Server thread/INFO]: Preparing start region for level 0
[13:08:49] [Server thread/INFO]: karl1024[local:E:f6505d1b] logged in with entity id 752 at (-71.5595517942421, 77.0, 130.3533624831833)
[13:08:49] [Server thread/INFO]: karl1024 joined the game
[13:08:50] [Client thread/INFO]: [CHAT] Thank you for half a million downloads! - The Chisel Team
[13:08:50] [Client thread/INFO]: [CHAT] Finder Compass server config loaded; 14 custom Setting-Sets loaded
[13:08:51] [Server thread/INFO]: Saving and pausing game...
[13:08:51] [Server thread/INFO]: Saving chunks for level 'New World'/Overworld
[13:08:51] [Server thread/INFO]: Saving chunks for level 'New World'/Nether
[13:08:51] [Server thread/INFO]: Saving chunks for level 'New World'/The End
[13:08:51] [Server thread/INFO]: Saving chunks for level 'New World'/Caves
[13:08:52] [Server thread/INFO]: Stopping server
[13:08:52] [Server thread/INFO]: Saving players
[13:08:52] [Server thread/INFO]: Saving worlds
[13:08:52] [Server thread/INFO]: Saving chunks for level 'New World'/Overworld
[13:08:52] [Server thread/INFO]: Saving chunks for level 'New World'/Nether
[13:08:52] [Server thread/INFO]: Saving chunks for level 'New World'/The End
[13:08:52] [Server thread/INFO]: Saving chunks for level 'New World'/Caves
[13:09:00] [Client thread/INFO]: Connecting to localhost, 25565
[13:09:00] [Client thread/INFO]: [CHAT] Thank you for half a million downloads! - The Chisel Team
[13:09:00] [Client thread/INFO]: [CHAT] Finder Compass server config loaded; 14 custom Setting-Sets loaded
[13:09:13] [Client thread/INFO]: Warning: Clientside chunk ticking took 163 ms
[13:09:41] [Client thread/INFO]: [CHAT] Set the time to 0
[13:09:44] [Client thread/INFO]: [CHAT] karl1024 has just earned the achievement [Taking Inventory]
[13:13:48] [Client thread/INFO]: Stopping!
